<?xml version="1.0" encoding="UTF-8"?>
<testsuite name="com.example.aqualoop.simulator.SimulationEngineTest" tests="4" skipped="0" failures="0" errors="0" timestamp="2026-08-08T15:10:19.788Z" hostname="codespaces-508c58" time="0.407">
  <properties/>
  <testcase name="engine_startsWithTwoTanksAndRecommendations" classname="com.example.aqualoop.simulator.SimulationEngineTest" time="0.335"/>
  <testcase name="engine_modeAndSettingsTakeEffect" classname="com.example.aqualoop.simulator.SimulationEngineTest" time="0.015"/>
  <testcase name="engine_routeAndConfirmUpdateRoutes" classname="com.example.aqualoop.simulator.SimulationEngineTest" time="0.036"/>
  <testcase name="engine_alertsAcknowledgeAndClear" classname="com.example.aqualoop.simulator.SimulationEngineTest" time="0.017"/>
  <system-out><![CDATA[]]></system-out>
  <system-err><![CDATA[]]></system-err>
</testsuite>
