<?xml version="1.0" encoding="UTF-8"?>
<testsuite name="com.example.aqualoop.ui.main.MainScreenViewModelTest" tests="2" skipped="0" failures="0" errors="0" timestamp="2026-08-08T15:10:20.234Z" hostname="codespaces-508c58" time="0.073">
  <properties/>
  <testcase name="uiState_initiallyLoading" classname="com.example.aqualoop.ui.main.MainScreenViewModelTest" time="0.065"/>
  <testcase name="uiState_onItemSaved_isDisplayed" classname="com.example.aqualoop.ui.main.MainScreenViewModelTest" time="0.007"/>
  <system-out><![CDATA[]]></system-out>
  <system-err><![CDATA[]]></system-err>
</testsuite>
